# JRE version: Java(TM) SE Runtime Environment (8.0_131-b11) (build 1.8.0_131-b11)
# Java VM: Java HotSpot(TM) 64-Bit Server VM (25.131-b11 mixed mode linux-amd64 compressed oops)
Heap:
 PSYoungGen      total 382976K, used 24369K [0x00000000d5580000, 0x00000000efb00000, 0x0000000100000000)
  eden space 334336K, 0% used [0x00000000d5580000,0x00000000d5580000,0x00000000e9c00000)
  from space 48640K, 50% used [0x00000000e9c00000,0x00000000eb3cc480,0x00000000ecb80000)
  to   space 41472K, 0% used [0x00000000ed280000,0x00000000ed280000,0x00000000efb00000)
 ParOldGen       total 157184K, used 118473K [0x0000000080000000, 0x0000000089980000, 0x00000000d5580000)
  object space 157184K, 75% used [0x0000000080000000,0x00000000873b2538,0x0000000089980000)
 Metaspace       used 72981K, capacity 74988K, committed 75160K, reserved 1114112K
  class space    used 9395K, capacity 9823K, committed 9896K, reserved 1048576K
GC Heap History (10 events):
Event: 735.175 GC heap after
Heap after GC invocations=20 (full 3):
 PSYoungGen      total 237568K, used 8815K [0x00000000d5580000, 0x00000000e9080000, 0x0000000100000000)
  eden space 208896K, 0% used [0x00000000d5580000,0x00000000d5580000,0x00000000e2180000)
  from space 28672K, 30% used [0x00000000e2180000,0x00000000e2a1bc60,0x00000000e3d80000)
  to   space 27648K, 0% used [0x00000000e7580000,0x00000000e7580000,0x00000000e9080000)
 ParOldGen       total 88064K, used 50714K [0x0000000080000000, 0x0000000085600000, 0x00000000d5580000)
  object space 88064K, 57% used [0x0000000080000000,0x0000000083186a18,0x0000000085600000)
 Metaspace       used 69704K, capacity 71686K, committed 71832K, reserved 1112064K
  class space    used 9116K, capacity 9556K, committed 9640K, reserved 1048576K
}
Event: 739.238 GC heap before
{Heap before GC invocations=21 (full 3):
 PSYoungGen      total 237568K, used 217711K [0x00000000d5580000, 0x00000000e9080000, 0x0000000100000000)
  eden space 208896K, 100% used [0x00000000d5580000,0x00000000e2180000,0x00000000e2180000)
  from space 28672K, 30% used [0x00000000e2180000,0x00000000e2a1bc60,0x00000000e3d80000)
  to   space 27648K, 0% used [0x00000000e7580000,0x00000000e7580000,0x00000000e9080000)
 ParOldGen       total 88064K, used 50714K [0x0000000080000000, 0x0000000085600000, 0x00000000d5580000)
  object space 88064K, 57% used [0x0000000080000000,0x0000000083186a18,0x0000000085600000)
 Metaspace       used 72403K, capacity 74462K, committed 74648K, reserved 1114112K
  class space    used 9396K, capacity 9838K, committed 9896K, reserved 1048576K
Event: 739.298 GC heap after
Heap after GC invocations=21 (full 3):
 PSYoungGen      total 288256K, used 27628K [0x00000000d5580000, 0x00000000e9b80000, 0x0000000100000000)
  eden space 260608K, 0% used [0x00000000d5580000,0x00000000d5580000,0x00000000e5400000)
  from space 27648K, 99% used [0x00000000e7580000,0x00000000e907b378,0x00000000e9080000)
  to   space 34304K, 0% used [0x00000000e5400000,0x00000000e5400000,0x00000000e7580000)
 ParOldGen       total 88064K, used 57446K [0x0000000080000000, 0x0000000085600000, 0x00000000d5580000)
  object space 88064K, 65% used [0x0000000080000000,0x00000000838198f0,0x0000000085600000)
 Metaspace       used 72403K, capacity 74462K, committed 74648K, reserved 1114112K
  class space    used 9396K, capacity 9838K, committed 9896K, reserved 1048576K
}
Event: 740.424 GC heap before
{Heap before GC invocations=22 (full 3):
 PSYoungGen      total 288256K, used 288236K [0x00000000d5580000, 0x00000000e9b80000, 0x0000000100000000)
  eden space 260608K, 100% used [0x00000000d5580000,0x00000000e5400000,0x00000000e5400000)
  from space 27648K, 99% used [0x00000000e7580000,0x00000000e907b378,0x00000000e9080000)
  to   space 34304K, 0% used [0x00000000e5400000,0x00000000e5400000,0x00000000e7580000)
 ParOldGen       total 88064K, used 57446K [0x0000000080000000, 0x0000000085600000, 0x00000000d5580000)
  object space 88064K, 65% used [0x0000000080000000,0x00000000838198f0,0x0000000085600000)
 Metaspace       used 72479K, capacity 74526K, committed 74648K, reserved 1114112K
  class space    used 9398K, capacity 9838K, committed 9896K, reserved 1048576K
Event: 740.529 GC heap after
Heap after GC invocations=22 (full 3):
 PSYoungGen      total 294912K, used 34296K [0x00000000d5580000, 0x00000000f0300000, 0x0000000100000000)
  eden space 260608K, 0% used [0x00000000d5580000,0x00000000d5580000,0x00000000e5400000)
  from space 34304K, 99% used [0x00000000e5400000,0x00000000e757e2b0,0x00000000e7580000)
  to   space 49664K, 0% used [0x00000000ed280000,0x00000000ed280000,0x00000000f0300000)
 ParOldGen       total 88064K, used 83759K [0x0000000080000000, 0x0000000085600000, 0x00000000d5580000)
  object space 88064K, 95% used [0x0000000080000000,0x00000000851cbd28,0x0000000085600000)
 Metaspace       used 72479K, capacity 74526K, committed 74648K, reserved 1114112K
  class space    used 9398K, capacity 9838K, committed 9896K, reserved 1048576K
}
Event: 740.529 GC heap before
{Heap before GC invocations=23 (full 4):
 PSYoungGen      total 294912K, used 34296K [0x00000000d5580000, 0x00000000f0300000, 0x0000000100000000)
  eden space 260608K, 0% used [0x00000000d5580000,0x00000000d5580000,0x00000000e5400000)
  from space 34304K, 99% used [0x00000000e5400000,0x00000000e757e2b0,0x00000000e7580000)
  to   space 49664K, 0% used [0x00000000ed280000,0x00000000ed280000,0x00000000f0300000)
 ParOldGen       total 88064K, used 83759K [0x0000000080000000, 0x0000000085600000, 0x00000000d5580000)
  object space 88064K, 95% used [0x0000000080000000,0x00000000851cbd28,0x0000000085600000)
 Metaspace       used 72479K, capacity 74526K, committed 74648K, reserved 1114112K
  class space    used 9398K, capacity 9838K, committed 9896K, reserved 1048576K
Event: 741.445 GC heap after
Heap after GC invocations=23 (full 4):
 PSYoungGen      total 294912K, used 26971K [0x00000000d5580000, 0x00000000f0300000, 0x0000000100000000)
  eden space 260608K, 0% used [0x00000000d5580000,0x00000000d5580000,0x00000000e5400000)
  from space 34304K, 78% used [0x00000000e5400000,0x00000000e6e56db0,0x00000000e7580000)
  to   space 49664K, 0% used [0x00000000ed280000,0x00000000ed280000,0x00000000f0300000)
 ParOldGen       total 157184K, used 87573K [0x0000000080000000, 0x0000000089980000, 0x00000000d5580000)
  object space 157184K, 55% used [0x0000000080000000,0x0000000085585408,0x0000000089980000)
 Metaspace       used 72458K, capacity 74476K, committed 74648K, reserved 1114112K
  class space    used 9390K, capacity 9823K, committed 9896K, reserved 1048576K
}
Event: 742.953 GC heap before
{Heap before GC invocations=24 (full 4):
 PSYoungGen      total 294912K, used 287579K [0x00000000d5580000, 0x00000000f0300000, 0x0000000100000000)
  eden space 260608K, 100% used [0x00000000d5580000,0x00000000e5400000,0x00000000e5400000)
  from space 34304K, 78% used [0x00000000e5400000,0x00000000e6e56db0,0x00000000e7580000)
  to   space 49664K, 0% used [0x00000000ed280000,0x00000000ed280000,0x00000000f0300000)
 ParOldGen       total 157184K, used 87573K [0x0000000080000000, 0x0000000089980000, 0x00000000d5580000)
  object space 157184K, 55% used [0x0000000080000000,0x0000000085585408,0x0000000089980000)
 Metaspace       used 72829K, capacity 74796K, committed 74904K, reserved 1114112K
  class space    used 9394K, capacity 9823K, committed 9896K, reserved 1048576K
Event: 743.022 GC heap after
Heap after GC invocations=24 (full 4):
 PSYoungGen      total 375808K, used 25108K [0x00000000d5580000, 0x00000000efb00000, 0x0000000100000000)
  eden space 334336K, 0% used [0x00000000d5580000,0x00000000d5580000,0x00000000e9c00000)
  from space 41472K, 60% used [0x00000000ed280000,0x00000000eeb051a0,0x00000000efb00000)
  to   space 48640K, 0% used [0x00000000e9c00000,0x00000000e9c00000,0x00000000ecb80000)
 ParOldGen       total 157184K, used 98651K [0x0000000080000000, 0x0000000089980000, 0x00000000d5580000)
  object space 157184K, 62% used [0x0000000080000000,0x0000000086056c38,0x0000000089980000)
 Metaspace       used 72829K, capacity 74796K, committed 74904K, reserved 1114112K
  class space    used 9394K, capacity 9823K, committed 9896K, reserved 1048576K
}
Event: 744.022 GC heap before
{Heap before GC invocations=25 (full 4):
 PSYoungGen      total 375808K, used 359444K [0x00000000d5580000, 0x00000000efb00000, 0x0000000100000000)
  eden space 334336K, 100% used [0x00000000d5580000,0x00000000e9c00000,0x00000000e9c00000)
  from space 41472K, 60% used [0x00000000ed280000,0x00000000eeb051a0,0x00000000efb00000)
  to   space 48640K, 0% used [0x00000000e9c00000,0x00000000e9c00000,0x00000000ecb80000)
 ParOldGen       total 157184K, used 98651K [0x0000000080000000, 0x0000000089980000, 0x00000000d5580000)
  object space 157184K, 62% used [0x0000000080000000,0x0000000086056c38,0x0000000089980000)
 Metaspace       used 72981K, capacity 74988K, committed 75160K, reserved 1114112K
  class space    used 9395K, capacity 9823K, committed 9896K, reserved 1048576K

